2026-01-28T17:56:58.382Z Error: Unexpected arguments: --token, eas, login, --token, blczsKFESG-cqv1zYhqeY-PELWUPcUKe989h6TUJ
2026-01-28T17:56:58.382Z See more help with --help
2026-01-28T17:56:58.382Z     at validateArgs (~/workspace/.config/npm/node_global/lib/node_modules/eas-cli/node_modules/@oclif/core/lib/parser/validate.js:11:19)
2026-01-28T17:56:58.382Z     at Object.validate (~/workspace/.config/npm/node_global/lib/node_modules/eas-cli/node_modules/@oclif/core/lib/parser/validate.js:153:5)
2026-01-28T17:56:58.382Z     at Object.parse (~/workspace/.config/npm/node_global/lib/node_modules/eas-cli/node_modules/@oclif/core/lib/parser/index.js:30:13)
2026-01-28T17:56:58.382Z     at async AccountLogin.parse (~/workspace/.config/npm/node_global/lib/node_modules/eas-cli/node_modules/@oclif/core/lib/command.js:166:25)
2026-01-28T17:56:58.382Z     at async AccountLogin.runAsync (~/workspace/.config/npm/node_global/lib/node_modules/eas-cli/build/commands/account/login.js:26:37)
2026-01-28T17:56:58.382Z     at async AccountLogin.run (~/workspace/.config/npm/node_global/lib/node_modules/eas-cli/build/commandUtils/EasCommand.js:168:16)
2026-01-28T17:56:58.382Z     at async AccountLogin._run (~/workspace/.config/npm/node_global/lib/node_modules/eas-cli/node_modules/@oclif/core/lib/command.js:80:22)
2026-01-28T17:56:58.382Z     at async Config.runCommand (~/workspace/.config/npm/node_global/lib/node_modules/eas-cli/node_modules/@oclif/core/lib/config/config.js:301:25)
2026-01-28T17:57:51.323Z Error: Unexpected arguments: --token, blczsKFESG-cqv1zYhqeY-PELWUPcUKe989h6TUJ
2026-01-28T17:57:51.323Z See more help with --help
2026-01-28T17:57:51.323Z     at validateArgs (~/workspace/.config/npm/node_global/lib/node_modules/eas-cli/node_modules/@oclif/core/lib/parser/validate.js:11:19)
2026-01-28T17:57:51.323Z     at Object.validate (~/workspace/.config/npm/node_global/lib/node_modules/eas-cli/node_modules/@oclif/core/lib/parser/validate.js:153:5)
2026-01-28T17:57:51.323Z     at Object.parse (~/workspace/.config/npm/node_global/lib/node_modules/eas-cli/node_modules/@oclif/core/lib/parser/index.js:30:13)
2026-01-28T17:57:51.323Z     at async AccountLogin.parse (~/workspace/.config/npm/node_global/lib/node_modules/eas-cli/node_modules/@oclif/core/lib/command.js:166:25)
2026-01-28T17:57:51.323Z     at async AccountLogin.runAsync (~/workspace/.config/npm/node_global/lib/node_modules/eas-cli/build/commands/account/login.js:26:37)
2026-01-28T17:57:51.323Z     at async AccountLogin.run (~/workspace/.config/npm/node_global/lib/node_modules/eas-cli/build/commandUtils/EasCommand.js:168:16)
2026-01-28T17:57:51.323Z     at async AccountLogin._run (~/workspace/.config/npm/node_global/lib/node_modules/eas-cli/node_modules/@oclif/core/lib/command.js:80:22)
2026-01-28T17:57:51.323Z     at async Config.runCommand (~/workspace/.config/npm/node_global/lib/node_modules/eas-cli/node_modules/@oclif/core/lib/config/config.js:301:25)
2026-01-28T19:18:57.308Z ApiV2Error: Your username, email, or password was incorrect.
2026-01-28T19:18:57.308Z     at ApiV2Client.handleApiErrorAsync (~/workspace/.config/npm/node_global/lib/node_modules/eas-cli/build/api.js:64:23)
2026-01-28T19:18:57.308Z     at async ApiV2Client.requestAsync (~/workspace/.config/npm/node_global/lib/node_modules/eas-cli/build/api.js:51:13)
2026-01-28T19:18:57.308Z     at async ApiV2Client.postAsync (~/workspace/.config/npm/node_global/lib/node_modules/eas-cli/build/api.js:20:16)
2026-01-28T19:18:57.308Z     at async fetchSessionSecretAndUserAsync (~/workspace/.config/npm/node_global/lib/node_modules/eas-cli/build/user/fetchSessionSecretAndUser.js:12:18)
2026-01-28T19:18:57.308Z     at async SessionManager.loginAsync (~/workspace/.config/npm/node_global/lib/node_modules/eas-cli/build/user/SessionManager.js:154:49)
2026-01-28T19:18:57.308Z     at async SessionManager.showLoginPromptAsync (~/workspace/.config/npm/node_global/lib/node_modules/eas-cli/build/user/SessionManager.js:130:13)
2026-01-28T19:18:57.308Z     at async AccountLogin.runAsync (~/workspace/.config/npm/node_global/lib/node_modules/eas-cli/build/commands/account/login.js:40:9)
2026-01-28T19:18:57.308Z     at async AccountLogin.run (~/workspace/.config/npm/node_global/lib/node_modules/eas-cli/build/commandUtils/EasCommand.js:168:16)
2026-01-28T19:18:57.308Z     at async AccountLogin._run (~/workspace/.config/npm/node_global/lib/node_modules/eas-cli/node_modules/@oclif/core/lib/command.js:80:22)
2026-02-12T03:02:34.777Z ApiV2Error: Your username, email, or password was incorrect.
2026-02-12T03:02:34.777Z     at ApiV2Client.handleApiErrorAsync (~/workspace/.config/npm/node_global/lib/node_modules/eas-cli/build/api.js:64:23)
2026-02-12T03:02:34.777Z     at async ApiV2Client.requestAsync (~/workspace/.config/npm/node_global/lib/node_modules/eas-cli/build/api.js:51:13)
2026-02-12T03:02:34.777Z     at async ApiV2Client.postAsync (~/workspace/.config/npm/node_global/lib/node_modules/eas-cli/build/api.js:20:16)
2026-02-12T03:02:34.777Z     at async fetchSessionSecretAndUserAsync (~/workspace/.config/npm/node_global/lib/node_modules/eas-cli/build/user/fetchSessionSecretAndUser.js:12:18)
2026-02-12T03:02:34.777Z     at async SessionManager.loginAsync (~/workspace/.config/npm/node_global/lib/node_modules/eas-cli/build/user/SessionManager.js:154:49)
2026-02-12T03:02:34.777Z     at async SessionManager.showLoginPromptAsync (~/workspace/.config/npm/node_global/lib/node_modules/eas-cli/build/user/SessionManager.js:130:13)
2026-02-12T03:02:34.777Z     at async AccountLogin.runAsync (~/workspace/.config/npm/node_global/lib/node_modules/eas-cli/build/commands/account/login.js:40:9)
2026-02-12T03:02:34.777Z     at async AccountLogin.run (~/workspace/.config/npm/node_global/lib/node_modules/eas-cli/build/commandUtils/EasCommand.js:168:16)
2026-02-12T03:02:34.777Z     at async AccountLogin._run (~/workspace/.config/npm/node_global/lib/node_modules/eas-cli/node_modules/@oclif/core/lib/command.js:80:22)
2026-02-12T03:04:20.299Z ApiV2Error: Your username, email, or password was incorrect.
2026-02-12T03:04:20.299Z     at ApiV2Client.handleApiErrorAsync (~/workspace/.config/npm/node_global/lib/node_modules/eas-cli/build/api.js:64:23)
2026-02-12T03:04:20.299Z     at async ApiV2Client.requestAsync (~/workspace/.config/npm/node_global/lib/node_modules/eas-cli/build/api.js:51:13)
2026-02-12T03:04:20.299Z     at async ApiV2Client.postAsync (~/workspace/.config/npm/node_global/lib/node_modules/eas-cli/build/api.js:20:16)
2026-02-12T03:04:20.299Z     at async fetchSessionSecretAndUserAsync (~/workspace/.config/npm/node_global/lib/node_modules/eas-cli/build/user/fetchSessionSecretAndUser.js:12:18)
2026-02-12T03:04:20.299Z     at async SessionManager.loginAsync (~/workspace/.config/npm/node_global/lib/node_modules/eas-cli/build/user/SessionManager.js:154:49)
2026-02-12T03:04:20.299Z     at async SessionManager.showLoginPromptAsync (~/workspace/.config/npm/node_global/lib/node_modules/eas-cli/build/user/SessionManager.js:130:13)
2026-02-12T03:04:20.299Z     at async AccountLogin.runAsync (~/workspace/.config/npm/node_global/lib/node_modules/eas-cli/build/commands/account/login.js:40:9)
2026-02-12T03:04:20.299Z     at async AccountLogin.run (~/workspace/.config/npm/node_global/lib/node_modules/eas-cli/build/commandUtils/EasCommand.js:168:16)
2026-02-12T03:04:20.299Z     at async AccountLogin._run (~/workspace/.config/npm/node_global/lib/node_modules/eas-cli/node_modules/@oclif/core/lib/command.js:80:22)
2026-02-12T03:08:42.620Z ApiV2Error: Your username, email, or password was incorrect.
2026-02-12T03:08:42.620Z     at ApiV2Client.handleApiErrorAsync (~/workspace/.config/npm/node_global/lib/node_modules/eas-cli/build/api.js:64:23)
2026-02-12T03:08:42.620Z     at async ApiV2Client.requestAsync (~/workspace/.config/npm/node_global/lib/node_modules/eas-cli/build/api.js:51:13)
2026-02-12T03:08:42.620Z     at async ApiV2Client.postAsync (~/workspace/.config/npm/node_global/lib/node_modules/eas-cli/build/api.js:20:16)
2026-02-12T03:08:42.620Z     at async fetchSessionSecretAndUserAsync (~/workspace/.config/npm/node_global/lib/node_modules/eas-cli/build/user/fetchSessionSecretAndUser.js:12:18)
2026-02-12T03:08:42.620Z     at async SessionManager.loginAsync (~/workspace/.config/npm/node_global/lib/node_modules/eas-cli/build/user/SessionManager.js:154:49)
2026-02-12T03:08:42.620Z     at async SessionManager.showLoginPromptAsync (~/workspace/.config/npm/node_global/lib/node_modules/eas-cli/build/user/SessionManager.js:130:13)
2026-02-12T03:08:42.620Z     at async AccountLogin.runAsync (~/workspace/.config/npm/node_global/lib/node_modules/eas-cli/build/commands/account/login.js:40:9)
2026-02-12T03:08:42.620Z     at async AccountLogin.run (~/workspace/.config/npm/node_global/lib/node_modules/eas-cli/build/commandUtils/EasCommand.js:168:16)
2026-02-12T03:08:42.620Z     at async AccountLogin._run (~/workspace/.config/npm/node_global/lib/node_modules/eas-cli/node_modules/@oclif/core/lib/command.js:80:22)
